Success (3):
content 33325 _a-0000dde1-361a-8000-9ccd-01ef9001ef90_39234 "Test_HttpQuery"
content 33592 _a-0000dde1-361a-8000-9ccd-01ef9001ef90_39616 "PT_CalculateDifference"
processModel 3714 0002ddd6-9212-8000-9ccd-014d98014d98 "Test Employee"

Referenced precedents that were not exported (2):
content 24247 _a-0000dd0b-90ea-8000-9ccd-01ef9001ef90_29193
processModelFolder 53 _g-0000dd0b-8769-8000-9ccd-014d98014d98_54

Trace:
2016-11-19 10:05:27.734 DEBUG content 33325 _a-0000dde1-361a-8000-9ccd-01ef9001ef90_39234 Begin transport.
2016-11-19 10:05:27.734 DEBUG content 33325 _a-0000dde1-361a-8000-9ccd-01ef9001ef90_39234 Retrieving object data.
2016-11-19 10:05:27.742 DEBUG content 33325 _a-0000dde1-361a-8000-9ccd-01ef9001ef90_39234 Setting uuids of object references.
2016-11-19 10:05:27.742 DEBUG content 33325 _a-0000dde1-361a-8000-9ccd-01ef9001ef90_39234 Processing reference: [Content:id=33269,versionId=-1,name=Test_HttpQuery,description=Interface to test HttpQuery SAIL component,type=32,subtype=1,uuid=_a-0000dde1-361a-8000-9ccd-01ef9001ef90_39234,parent=24247,parentName=Priyanka Rules & Contants,parentType=2,log=33325,logName=Test_HttpQuery,state=255,visibility=35,security=15,creator=priyanka.verma,createdTimestamp=2016-11-15 10:29:45.0,updatedTimestamp=2016-11-15 10:29:45.0,size=0,lockedBy=,changesRequireApproval=false,attributes={dep_rules=[Ljava.lang.Long;@76a93e2e, system=0, preferredEditor=interface, hidden=0, offlineEnabled=false, ruletype=1, dep_functions=[Ljava.lang.String;@dad16c8, definition=#"SYSTEM_SYSRULES_httpQuery"(
  url: "http://appiandev.i-connectresources.com/suite/webapi/Terminate",
  queryParameters: #"SYSTEM_SYSRULES_httpQueryParameter"(
    name: "Content-Type",
    value: "application/json"
  ),
  method: "GET"
), dep_types=[Ljava.lang.String;@22803b08, parameters=[Lcom.appiancorp.suiteapi.process.TypedVariable;@463d75d5, dep_variables=[[Ljava.lang.String;@79da6b72},partition=2,partitionName=D:/Apps/Appian/_admin/accdocs2]
2016-11-19 10:05:27.748 DEBUG content 33325 _a-0000dde1-361a-8000-9ccd-01ef9001ef90_39234 Processing reference: FreeformRule.forum
2016-11-19 10:05:27.749 DEBUG content 33325 _a-0000dde1-361a-8000-9ccd-01ef9001ef90_39234 Processing reference: FreeformRule.parent
2016-11-19 10:05:27.75 DEBUG content 33325 _a-0000dde1-361a-8000-9ccd-01ef9001ef90_39234 Processing reference: com.appiancorp.suiteapi.content.ContentRoleMap@731790ee[
  ContentRole[name=readers,inherit=true,allowForAll=false]
  ContentRole[name=authors,inherit=true,allowForAll=false]
  ContentRole[name=administrators,inherit=true,allowForAll=false]
  ContentRole[name=denyReaders,inherit=false,allowForAll=false]
  ContentRole[name=denyAuthors,inherit=false,allowForAll=false]
  ContentRole[name=denyAdministrators,inherit=false,allowForAll=false]
  securityVector=15:SEC_PUBLIC=true,SEC_CREATOR_ADMIN=false,SEC_INH_ADMIN=true,SEC_INH_EDITOR=true,SEC_INH_VIEWER=true,SEC_ALL_ADMIN=false,SEC_ALL_EDITOR=false,SEC_ALL_VIEWER=false
]
2016-11-19 10:05:27.75 DEBUG content 33325 _a-0000dde1-361a-8000-9ccd-01ef9001ef90_39234 Processing reference: ContentRole[name=readers,inherit=true,allowForAll=false]
2016-11-19 10:05:27.75 DEBUG content 33325 _a-0000dde1-361a-8000-9ccd-01ef9001ef90_39234 Processing reference: ContentRole[name=authors,inherit=true,allowForAll=false]
2016-11-19 10:05:27.75 DEBUG content 33325 _a-0000dde1-361a-8000-9ccd-01ef9001ef90_39234 Processing reference: ContentRole[name=administrators,inherit=true,allowForAll=false]
2016-11-19 10:05:27.75 DEBUG content 33325 _a-0000dde1-361a-8000-9ccd-01ef9001ef90_39234 Processing reference: ContentRole[name=denyReaders,inherit=false,allowForAll=false]
2016-11-19 10:05:27.75 DEBUG content 33325 _a-0000dde1-361a-8000-9ccd-01ef9001ef90_39234 Processing reference: ContentRole[name=denyAuthors,inherit=false,allowForAll=false]
2016-11-19 10:05:27.75 DEBUG content 33325 _a-0000dde1-361a-8000-9ccd-01ef9001ef90_39234 Processing reference: ContentRole[name=denyAdministrators,inherit=false,allowForAll=false]
2016-11-19 10:05:27.75 DEBUG content 33325 _a-0000dde1-361a-8000-9ccd-01ef9001ef90_39234 Exporting binary resources.
2016-11-19 10:05:27.75 DEBUG content 33325 _a-0000dde1-361a-8000-9ccd-01ef9001ef90_39234 Serializing object to XML.
2016-11-19 10:05:27.751 DEBUG content 33325 _a-0000dde1-361a-8000-9ccd-01ef9001ef90_39234 Object transported.
2016-11-19 10:05:27.751 DEBUG content 33592 _a-0000dde1-361a-8000-9ccd-01ef9001ef90_39616 Begin transport.
2016-11-19 10:05:27.751 DEBUG content 33592 _a-0000dde1-361a-8000-9ccd-01ef9001ef90_39616 Retrieving object data.
2016-11-19 10:05:27.756 DEBUG content 33592 _a-0000dde1-361a-8000-9ccd-01ef9001ef90_39616 Setting uuids of object references.
2016-11-19 10:05:27.756 DEBUG content 33592 _a-0000dde1-361a-8000-9ccd-01ef9001ef90_39616 Processing reference: [Content:id=33591,versionId=-1,name=PT_CalculateDifference,description=Holds the value for the count of diifernce,type=32,subtype=1,uuid=_a-0000dde1-361a-8000-9ccd-01ef9001ef90_39616,parent=24247,parentName=Priyanka Rules & Contants,parentType=2,log=33592,logName=PT_CalculateDifference,state=255,visibility=35,security=15,creator=ArpitB,createdTimestamp=2016-11-18 08:25:15.0,updatedTimestamp=2016-11-18 08:25:15.0,size=0,lockedBy=,changesRequireApproval=false,attributes={dep_rules=[Ljava.lang.Long;@1d187693, system=0, preferredEditor=legacy, hidden=0, ruletype=1, dep_functions=[Ljava.lang.String;@7a94f903, definition=sum(
  ri!total,
  - len(
    ri!data
  )
), dep_types=[Ljava.lang.String;@432162f5, parameters=[Lcom.appiancorp.suiteapi.process.TypedVariable;@39019314, dep_variables=[[Ljava.lang.String;@67f3d649},partition=2,partitionName=D:/Apps/Appian/_admin/accdocs2]
2016-11-19 10:05:27.758 DEBUG content 33592 _a-0000dde1-361a-8000-9ccd-01ef9001ef90_39616 Processing reference: FreeformRule.forum
2016-11-19 10:05:27.758 DEBUG content 33592 _a-0000dde1-361a-8000-9ccd-01ef9001ef90_39616 Processing reference: TypedVariable[name=total,it=1,v=<null>]
2016-11-19 10:05:27.758 DEBUG content 33592 _a-0000dde1-361a-8000-9ccd-01ef9001ef90_39616 Processing reference: TypedVariable[name=data,it=1,v=<null>]
2016-11-19 10:05:27.758 DEBUG content 33592 _a-0000dde1-361a-8000-9ccd-01ef9001ef90_39616 Processing reference: FreeformRule.parent
2016-11-19 10:05:27.76 DEBUG content 33592 _a-0000dde1-361a-8000-9ccd-01ef9001ef90_39616 Processing reference: com.appiancorp.suiteapi.content.ContentRoleMap@1ff58127[
  ContentRole[name=readers,inherit=true,allowForAll=false]
  ContentRole[name=authors,inherit=true,allowForAll=false]
  ContentRole[name=administrators,inherit=true,allowForAll=false]
  ContentRole[name=denyReaders,inherit=false,allowForAll=false]
  ContentRole[name=denyAuthors,inherit=false,allowForAll=false]
  ContentRole[name=denyAdministrators,inherit=false,allowForAll=false]
  securityVector=15:SEC_PUBLIC=true,SEC_CREATOR_ADMIN=false,SEC_INH_ADMIN=true,SEC_INH_EDITOR=true,SEC_INH_VIEWER=true,SEC_ALL_ADMIN=false,SEC_ALL_EDITOR=false,SEC_ALL_VIEWER=false
]
2016-11-19 10:05:27.76 DEBUG content 33592 _a-0000dde1-361a-8000-9ccd-01ef9001ef90_39616 Processing reference: ContentRole[name=readers,inherit=true,allowForAll=false]
2016-11-19 10:05:27.76 DEBUG content 33592 _a-0000dde1-361a-8000-9ccd-01ef9001ef90_39616 Processing reference: ContentRole[name=authors,inherit=true,allowForAll=false]
2016-11-19 10:05:27.76 DEBUG content 33592 _a-0000dde1-361a-8000-9ccd-01ef9001ef90_39616 Processing reference: ContentRole[name=administrators,inherit=true,allowForAll=false]
2016-11-19 10:05:27.76 DEBUG content 33592 _a-0000dde1-361a-8000-9ccd-01ef9001ef90_39616 Processing reference: ContentRole[name=denyReaders,inherit=false,allowForAll=false]
2016-11-19 10:05:27.76 DEBUG content 33592 _a-0000dde1-361a-8000-9ccd-01ef9001ef90_39616 Processing reference: ContentRole[name=denyAuthors,inherit=false,allowForAll=false]
2016-11-19 10:05:27.76 DEBUG content 33592 _a-0000dde1-361a-8000-9ccd-01ef9001ef90_39616 Processing reference: ContentRole[name=denyAdministrators,inherit=false,allowForAll=false]
2016-11-19 10:05:27.76 DEBUG content 33592 _a-0000dde1-361a-8000-9ccd-01ef9001ef90_39616 Exporting binary resources.
2016-11-19 10:05:27.76 DEBUG content 33592 _a-0000dde1-361a-8000-9ccd-01ef9001ef90_39616 Serializing object to XML.
2016-11-19 10:05:27.762 DEBUG content 33592 _a-0000dde1-361a-8000-9ccd-01ef9001ef90_39616 Object transported.
2016-11-19 10:05:27.763 DEBUG processModel 3714 0002ddd6-9212-8000-9ccd-014d98014d98 Begin transport.
2016-11-19 10:05:27.763 DEBUG processModel 3714 0002ddd6-9212-8000-9ccd-014d98014d98 Retrieving object data.
2016-11-19 10:05:27.772 DEBUG processModel 3714 0002ddd6-9212-8000-9ccd-014d98014d98 Setting uuids of object references.
2016-11-19 10:05:27.772 DEBUG processModel 3714 0002ddd6-9212-8000-9ccd-014d98014d98 Processing reference: ProcessModelHaul.folderId
2016-11-19 10:05:27.773 DEBUG processModel 3714 0002ddd6-9212-8000-9ccd-014d98014d98 Processing reference: ProcessModelHaul.modelDashboardPageId
2016-11-19 10:05:27.773 DEBUG processModel 3714 0002ddd6-9212-8000-9ccd-014d98014d98 Processing reference: ProcessModelHaul.processDashboardPageId
2016-11-19 10:05:27.773 DEBUG processModel 3714 0002ddd6-9212-8000-9ccd-014d98014d98 Processing reference: ProcessModel.emailAttachmentFolderId
2016-11-19 10:05:27.774 DEBUG processModel 3714 0002ddd6-9212-8000-9ccd-014d98014d98 Processing reference: ActivityClassParameter[name=pmID,it=23,v=<null>]
2016-11-19 10:05:27.774 DEBUG processModel 3714 0002ddd6-9212-8000-9ccd-014d98014d98 Processing reference: ActivityClassParameter[name=inMap,it=111,v={}]
2016-11-19 10:05:27.774 DEBUG processModel 3714 0002ddd6-9212-8000-9ccd-014d98014d98 Processing reference: ActivityClassParameter[name=procInheritsPriority,it=1,v=1]
2016-11-19 10:05:27.774 DEBUG processModel 3714 0002ddd6-9212-8000-9ccd-014d98014d98 Processing reference: ActivityClassParameter[name=pmUUID,it=3,v=]
2016-11-19 10:05:27.774 DEBUG processModel 3714 0002ddd6-9212-8000-9ccd-014d98014d98 Processing reference: ActivityClassParameter[name=isAsynchronous,it=26,v=1]
2016-11-19 10:05:27.774 DEBUG processModel 3714 0002ddd6-9212-8000-9ccd-014d98014d98 Processing reference: ActivityClassParameter[name=isTransparent,it=26,v=1]
2016-11-19 10:05:27.774 DEBUG processModel 3714 0002ddd6-9212-8000-9ccd-014d98014d98 Processing reference: ActivityClassParameter[name=inheritSecurity,it=26,v=0]
2016-11-19 10:05:27.774 DEBUG processModel 3714 0002ddd6-9212-8000-9ccd-014d98014d98 Processing reference: com.appiancorp.suiteapi.process.ProcessRoleMap@4d69558f[
  Role[name=ADMIN_OWNER]
  Role[name=EDITOR]
  Role[name=EXPLICIT_NONMEMBER]
  Role[name=VIEWER]
  Role[name=MANAGER]
  Role[name=INITIATOR]
]
2016-11-19 10:05:27.774 DEBUG processModel 3714 0002ddd6-9212-8000-9ccd-014d98014d98 Processing reference: Role[name=ADMIN_OWNER]
2016-11-19 10:05:27.774 DEBUG processModel 3714 0002ddd6-9212-8000-9ccd-014d98014d98 Processing reference: Role[name=EDITOR]
2016-11-19 10:05:27.774 DEBUG processModel 3714 0002ddd6-9212-8000-9ccd-014d98014d98 Processing reference: Role[name=EXPLICIT_NONMEMBER]
2016-11-19 10:05:27.774 DEBUG processModel 3714 0002ddd6-9212-8000-9ccd-014d98014d98 Processing reference: Role[name=VIEWER]
2016-11-19 10:05:27.774 DEBUG processModel 3714 0002ddd6-9212-8000-9ccd-014d98014d98 Processing reference: Role[name=MANAGER]
2016-11-19 10:05:27.774 DEBUG processModel 3714 0002ddd6-9212-8000-9ccd-014d98014d98 Processing reference: Role[name=INITIATOR]
2016-11-19 10:05:27.774 DEBUG processModel 3714 0002ddd6-9212-8000-9ccd-014d98014d98 Exporting binary resources.
2016-11-19 10:05:27.774 DEBUG processModel 3714 0002ddd6-9212-8000-9ccd-014d98014d98 Serializing object to XML.
2016-11-19 10:05:27.777 DEBUG processModel 3714 0002ddd6-9212-8000-9ccd-014d98014d98 Object transported.
